<?xml version="1.0" encoding="UTF-8" ?>
<testsuites name="vitest tests" tests="77" failures="0" errors="0" time="8.376780454">
    <testsuite name="tests/integration/auth.test.ts" timestamp="2026-01-05T13:39:12.703Z" hostname="muhammad-hassan-ThinkPad-E14-Gen-2" tests="35" failures="0" errors="0" skipped="0" time="2.378991398">
        <testcase classname="tests/integration/auth.test.ts" name="Auth routes &gt; POST /v1/auth/register &gt; should return 201 and successfully register user if request data is ok" time="0.136864077">
        </testcase>
        <testcase classname="tests/integration/auth.test.ts" name="Auth routes &gt; POST /v1/auth/register &gt; should return 400 error if email is invalid" time="0.004444886">
        </testcase>
        <testcase classname="tests/integration/auth.test.ts" name="Auth routes &gt; POST /v1/auth/register &gt; should return 400 error if email is already used" time="0.076723575">
        </testcase>
        <testcase classname="tests/integration/auth.test.ts" name="Auth routes &gt; POST /v1/auth/register &gt; should return 400 error if password length is less than 8 characters" time="0.003020406">
        </testcase>
        <testcase classname="tests/integration/auth.test.ts" name="Auth routes &gt; POST /v1/auth/register &gt; should return 400 error if password does not contain both letters and numbers" time="0.005569042">
        </testcase>
        <testcase classname="tests/integration/auth.test.ts" name="Auth routes &gt; POST /v1/auth/login &gt; should return 200 and login user if email and password match" time="0.150323101">
        </testcase>
        <testcase classname="tests/integration/auth.test.ts" name="Auth routes &gt; POST /v1/auth/login &gt; should return 401 error if there are no users with that email" time="0.004220814">
        </testcase>
        <testcase classname="tests/integration/auth.test.ts" name="Auth routes &gt; POST /v1/auth/login &gt; should return 401 error if password is wrong" time="0.148612275">
        </testcase>
        <testcase classname="tests/integration/auth.test.ts" name="Auth routes &gt; POST /v1/auth/logout &gt; should return 204 if refresh token is valid" time="0.081511255">
        </testcase>
        <testcase classname="tests/integration/auth.test.ts" name="Auth routes &gt; POST /v1/auth/logout &gt; should return 400 error if refresh token is missing from request body" time="0.002565779">
        </testcase>
        <testcase classname="tests/integration/auth.test.ts" name="Auth routes &gt; POST /v1/auth/logout &gt; should return 404 error if refresh token is not found in the database" time="0.075166558">
        </testcase>
        <testcase classname="tests/integration/auth.test.ts" name="Auth routes &gt; POST /v1/auth/logout &gt; should return 404 error if refresh token is blacklisted" time="0.079055414">
        </testcase>
        <testcase classname="tests/integration/auth.test.ts" name="Auth routes &gt; POST /v1/auth/refresh-tokens &gt; should return 200 and new auth tokens if refresh token is valid" time="0.093400656">
        </testcase>
        <testcase classname="tests/integration/auth.test.ts" name="Auth routes &gt; POST /v1/auth/refresh-tokens &gt; should return 400 error if refresh token is missing from request body" time="0.002436498">
        </testcase>
        <testcase classname="tests/integration/auth.test.ts" name="Auth routes &gt; POST /v1/auth/refresh-tokens &gt; should return 401 error if refresh token is signed using an invalid secret" time="0.078263994">
            <system-err>
error: JsonWebTokenError: invalid signature
    at /home/muhammad-hassan/ME/Boiler Plates/nodets-express-mongo/node_modules/.pnpm/jsonwebtoken@9.0.2/node_modules/jsonwebtoken/verify.js:171:19
    at getSecret (/home/muhammad-hassan/ME/Boiler Plates/nodets-express-mongo/node_modules/.pnpm/jsonwebtoken@9.0.2/node_modules/jsonwebtoken/verify.js:97:14)
    at Object.module.exports [as verify] (/home/muhammad-hassan/ME/Boiler Plates/nodets-express-mongo/node_modules/.pnpm/jsonwebtoken@9.0.2/node_modules/jsonwebtoken/verify.js:101:10)
    at Object.verifyToken (/home/muhammad-hassan/ME/Boiler Plates/nodets-express-mongo/src/services/token.service.ts:45:23)
    at Object.refreshAuth (/home/muhammad-hassan/ME/Boiler Plates/nodets-express-mongo/src/services/auth.service.ts:23:48)
    at refreshTokens (/home/muhammad-hassan/ME/Boiler Plates/nodets-express-mongo/src/controllers/auth.controller.ts:34:36)
    at newFn (/home/muhammad-hassan/ME/Boiler Plates/nodets-express-mongo/node_modules/.pnpm/express-async-errors@3.1.1_express@4.21.2/node_modules/express-async-errors/index.js:16:20)
    at Layer.handle [as handle_request] (/home/muhammad-hassan/ME/Boiler Plates/nodets-express-mongo/node_modules/.pnpm/express@4.21.2/node_modules/express/lib/router/layer.js:95:5)
    at next (/home/muhammad-hassan/ME/Boiler Plates/nodets-express-mongo/node_modules/.pnpm/express@4.21.2/node_modules/express/lib/router/route.js:149:13)
    at /home/muhammad-hassan/ME/Boiler Plates/nodets-express-mongo/src/middlewares/validate.ts:30:3

            </system-err>
        </testcase>
        <testcase classname="tests/integration/auth.test.ts" name="Auth routes &gt; POST /v1/auth/refresh-tokens &gt; should return 401 error if refresh token is not found in the database" time="0.078125708">
            <system-err>
error: Error: Token not found
    at Object.verifyToken (/home/muhammad-hassan/ME/Boiler Plates/nodets-express-mongo/src/services/token.service.ts:53:11)
    at processTicksAndRejections (node:internal/process/task_queues:105:5)
    at Object.refreshAuth (/home/muhammad-hassan/ME/Boiler Plates/nodets-express-mongo/src/services/auth.service.ts:23:29)
    at refreshTokens (/home/muhammad-hassan/ME/Boiler Plates/nodets-express-mongo/src/controllers/auth.controller.ts:34:18)

            </system-err>
        </testcase>
        <testcase classname="tests/integration/auth.test.ts" name="Auth routes &gt; POST /v1/auth/refresh-tokens &gt; should return 401 error if refresh token is blacklisted" time="0.07585317">
            <system-err>
error: Error: Token not found
    at Object.verifyToken (/home/muhammad-hassan/ME/Boiler Plates/nodets-express-mongo/src/services/token.service.ts:53:11)
    at processTicksAndRejections (node:internal/process/task_queues:105:5)
    at Object.refreshAuth (/home/muhammad-hassan/ME/Boiler Plates/nodets-express-mongo/src/services/auth.service.ts:23:29)
    at refreshTokens (/home/muhammad-hassan/ME/Boiler Plates/nodets-express-mongo/src/controllers/auth.controller.ts:34:18)

            </system-err>
        </testcase>
        <testcase classname="tests/integration/auth.test.ts" name="Auth routes &gt; POST /v1/auth/refresh-tokens &gt; should return 401 error if refresh token is expired" time="0.078079099">
            <system-err>
error: TokenExpiredError: jwt expired
    at /home/muhammad-hassan/ME/Boiler Plates/nodets-express-mongo/node_modules/.pnpm/jsonwebtoken@9.0.2/node_modules/jsonwebtoken/verify.js:190:21
    at getSecret (/home/muhammad-hassan/ME/Boiler Plates/nodets-express-mongo/node_modules/.pnpm/jsonwebtoken@9.0.2/node_modules/jsonwebtoken/verify.js:97:14)
    at Object.module.exports [as verify] (/home/muhammad-hassan/ME/Boiler Plates/nodets-express-mongo/node_modules/.pnpm/jsonwebtoken@9.0.2/node_modules/jsonwebtoken/verify.js:101:10)
    at Object.verifyToken (/home/muhammad-hassan/ME/Boiler Plates/nodets-express-mongo/src/services/token.service.ts:45:23)
    at Object.refreshAuth (/home/muhammad-hassan/ME/Boiler Plates/nodets-express-mongo/src/services/auth.service.ts:23:48)
    at refreshTokens (/home/muhammad-hassan/ME/Boiler Plates/nodets-express-mongo/src/controllers/auth.controller.ts:34:36)
    at newFn (/home/muhammad-hassan/ME/Boiler Plates/nodets-express-mongo/node_modules/.pnpm/express-async-errors@3.1.1_express@4.21.2/node_modules/express-async-errors/index.js:16:20)
    at Layer.handle [as handle_request] (/home/muhammad-hassan/ME/Boiler Plates/nodets-express-mongo/node_modules/.pnpm/express@4.21.2/node_modules/express/lib/router/layer.js:95:5)
    at next (/home/muhammad-hassan/ME/Boiler Plates/nodets-express-mongo/node_modules/.pnpm/express@4.21.2/node_modules/express/lib/router/route.js:149:13)
    at /home/muhammad-hassan/ME/Boiler Plates/nodets-express-mongo/src/middlewares/validate.ts:30:3

            </system-err>
        </testcase>
        <testcase classname="tests/integration/auth.test.ts" name="Auth routes &gt; POST /v1/auth/refresh-tokens &gt; should return 401 error if user is not found" time="0.006806585">
            <system-err>
error: Error: User not found
    at Object.getUserById (/home/muhammad-hassan/ME/Boiler Plates/nodets-express-mongo/src/services/user.service.ts:27:11)
    at processTicksAndRejections (node:internal/process/task_queues:105:5)
    at Object.refreshAuth (/home/muhammad-hassan/ME/Boiler Plates/nodets-express-mongo/src/services/auth.service.ts:24:18)
    at refreshTokens (/home/muhammad-hassan/ME/Boiler Plates/nodets-express-mongo/src/controllers/auth.controller.ts:34:18)

            </system-err>
        </testcase>
        <testcase classname="tests/integration/auth.test.ts" name="Auth routes &gt; POST /v1/auth/forgot-password &gt; should return 204 and send reset password email to the user" time="0.080765154">
        </testcase>
        <testcase classname="tests/integration/auth.test.ts" name="Auth routes &gt; POST /v1/auth/forgot-password &gt; should return 400 if email is missing" time="0.076095173">
        </testcase>
        <testcase classname="tests/integration/auth.test.ts" name="Auth routes &gt; POST /v1/auth/forgot-password &gt; should return 404 if email does not belong to any user" time="0.003522838">
        </testcase>
        <testcase classname="tests/integration/auth.test.ts" name="Auth routes &gt; POST /v1/auth/reset-password &gt; should return 204 and reset the password" time="0.223773776">
        </testcase>
        <testcase classname="tests/integration/auth.test.ts" name="Auth routes &gt; POST /v1/auth/reset-password &gt; should return 400 if reset password token is missing" time="0.073257408">
        </testcase>
        <testcase classname="tests/integration/auth.test.ts" name="Auth routes &gt; POST /v1/auth/reset-password &gt; should return 401 if reset password token is blacklisted" time="0.078049111">
        </testcase>
        <testcase classname="tests/integration/auth.test.ts" name="Auth routes &gt; POST /v1/auth/reset-password &gt; should return 401 if reset password token is expired" time="0.079872261">
        </testcase>
        <testcase classname="tests/integration/auth.test.ts" name="Auth routes &gt; POST /v1/auth/reset-password &gt; should return 401 if user is not found" time="0.007152821">
        </testcase>
        <testcase classname="tests/integration/auth.test.ts" name="Auth routes &gt; POST /v1/auth/reset-password &gt; should return 400 if password is missing or invalid" time="0.078695219">
        </testcase>
        <testcase classname="tests/integration/auth.test.ts" name="Auth routes &gt; POST /v1/auth/send-verification-email &gt; should return 204 and send verification email to the user" time="0.082353735">
        </testcase>
        <testcase classname="tests/integration/auth.test.ts" name="Auth routes &gt; POST /v1/auth/send-verification-email &gt; should return 401 error if access token is missing" time="0.072850761">
        </testcase>
        <testcase classname="tests/integration/auth.test.ts" name="Auth routes &gt; POST /v1/auth/verify-email &gt; should return 204 and verify the email" time="0.083501217">
        </testcase>
        <testcase classname="tests/integration/auth.test.ts" name="Auth routes &gt; POST /v1/auth/verify-email &gt; should return 400 if verify email token is missing" time="0.072525655">
        </testcase>
        <testcase classname="tests/integration/auth.test.ts" name="Auth routes &gt; POST /v1/auth/verify-email &gt; should return 401 if verify email token is blacklisted" time="0.076794766">
        </testcase>
        <testcase classname="tests/integration/auth.test.ts" name="Auth routes &gt; POST /v1/auth/verify-email &gt; should return 401 if verify email token is expired" time="0.073089235">
        </testcase>
        <testcase classname="tests/integration/auth.test.ts" name="Auth routes &gt; POST /v1/auth/verify-email &gt; should return 401 if user is not found" time="0.009872593">
        </testcase>
    </testsuite>
    <testsuite name="tests/integration/user.test.ts" timestamp="2026-01-05T13:39:12.709Z" hostname="muhammad-hassan-ThinkPad-E14-Gen-2" tests="42" failures="0" errors="0" skipped="0" time="5.997789056">
        <testcase classname="tests/integration/user.test.ts" name="User routes &gt; POST /v1/user &gt; should return 201 and successfully create new user if data is ok" time="0.204906878">
        </testcase>
        <testcase classname="tests/integration/user.test.ts" name="User routes &gt; POST /v1/user &gt; should be able to create an admin as well" time="0.157443098">
        </testcase>
        <testcase classname="tests/integration/user.test.ts" name="User routes &gt; POST /v1/user &gt; should return 401 error if access token is missing" time="0.003453898">
        </testcase>
        <testcase classname="tests/integration/user.test.ts" name="User routes &gt; POST /v1/user &gt; should return 403 error if logged in user is not admin" time="0.077697584">
        </testcase>
        <testcase classname="tests/integration/user.test.ts" name="User routes &gt; POST /v1/user &gt; should return 400 error if email is invalid" time="0.080049876">
        </testcase>
        <testcase classname="tests/integration/user.test.ts" name="User routes &gt; POST /v1/user &gt; should return 400 error if email is already used" time="0.180026791">
        </testcase>
        <testcase classname="tests/integration/user.test.ts" name="User routes &gt; POST /v1/user &gt; should return 400 error if password length is less than 8 characters" time="0.077131269">
        </testcase>
        <testcase classname="tests/integration/user.test.ts" name="User routes &gt; POST /v1/user &gt; should return 400 error if password does not contain both letters and numbers" time="0.08367442">
        </testcase>
        <testcase classname="tests/integration/user.test.ts" name="User routes &gt; POST /v1/user &gt; should return 400 error if role is neither user nor admin" time="0.077838171">
        </testcase>
        <testcase classname="tests/integration/user.test.ts" name="User routes &gt; GET /v1/user &gt; should return 200 and apply the default query options" time="0.221486319">
        </testcase>
        <testcase classname="tests/integration/user.test.ts" name="User routes &gt; GET /v1/user &gt; should return 401 if access token is missing" time="0.213217196">
        </testcase>
        <testcase classname="tests/integration/user.test.ts" name="User routes &gt; GET /v1/user &gt; should return 403 if a non-admin is trying to access all users" time="0.214882366">
        </testcase>
        <testcase classname="tests/integration/user.test.ts" name="User routes &gt; GET /v1/user &gt; should correctly apply filter on name field" time="0.216933211">
        </testcase>
        <testcase classname="tests/integration/user.test.ts" name="User routes &gt; GET /v1/user &gt; should correctly apply filter on role field" time="0.220254407">
        </testcase>
        <testcase classname="tests/integration/user.test.ts" name="User routes &gt; GET /v1/user &gt; should correctly sort the returned array if descending sort param is specified" time="0.218447731">
        </testcase>
        <testcase classname="tests/integration/user.test.ts" name="User routes &gt; GET /v1/user &gt; should correctly sort the returned array if ascending sort param is specified" time="0.216946023">
        </testcase>
        <testcase classname="tests/integration/user.test.ts" name="User routes &gt; GET /v1/user &gt; should correctly sort the returned array if multiple sorting criteria are specified" time="0.222708886">
        </testcase>
        <testcase classname="tests/integration/user.test.ts" name="User routes &gt; GET /v1/user &gt; should limit returned array if limit param is specified" time="0.21413552">
        </testcase>
        <testcase classname="tests/integration/user.test.ts" name="User routes &gt; GET /v1/user &gt; should return the correct page if page and limit params are specified" time="0.214467697">
        </testcase>
        <testcase classname="tests/integration/user.test.ts" name="User routes &gt; GET /v1/user/:userId &gt; should return 200 and the user object if data is ok" time="0.144895562">
        </testcase>
        <testcase classname="tests/integration/user.test.ts" name="User routes &gt; GET /v1/user/:userId &gt; should return 401 error if access token is missing" time="0.07554135">
        </testcase>
        <testcase classname="tests/integration/user.test.ts" name="User routes &gt; GET /v1/user/:userId &gt; should return 403 error if user is trying to get another user" time="0.141056194">
        </testcase>
        <testcase classname="tests/integration/user.test.ts" name="User routes &gt; GET /v1/user/:userId &gt; should return 200 and the user object if admin is trying to get another user" time="0.147181998">
        </testcase>
        <testcase classname="tests/integration/user.test.ts" name="User routes &gt; GET /v1/user/:userId &gt; should return 400 error if userId is not a valid mongo id" time="0.075625724">
        </testcase>
        <testcase classname="tests/integration/user.test.ts" name="User routes &gt; GET /v1/user/:userId &gt; should return 404 error if user is not found" time="0.075926338">
        </testcase>
        <testcase classname="tests/integration/user.test.ts" name="User routes &gt; DELETE /v1/user/:userId &gt; should return 204 if data is ok" time="0.147537446">
        </testcase>
        <testcase classname="tests/integration/user.test.ts" name="User routes &gt; DELETE /v1/user/:userId &gt; should return 401 error if access token is missing" time="0.073798674">
        </testcase>
        <testcase classname="tests/integration/user.test.ts" name="User routes &gt; DELETE /v1/user/:userId &gt; should return 403 error if user is trying to delete another user" time="0.141138024">
        </testcase>
        <testcase classname="tests/integration/user.test.ts" name="User routes &gt; DELETE /v1/user/:userId &gt; should return 204 if admin is trying to delete another user" time="0.145028279">
        </testcase>
        <testcase classname="tests/integration/user.test.ts" name="User routes &gt; DELETE /v1/user/:userId &gt; should return 400 error if userId is not a valid mongo id" time="0.076198044">
        </testcase>
        <testcase classname="tests/integration/user.test.ts" name="User routes &gt; DELETE /v1/user/:userId &gt; should return 404 error if user already is not found" time="0.07355974">
        </testcase>
        <testcase classname="tests/integration/user.test.ts" name="User routes &gt; PATCH /v1/user/:userId &gt; should return 200 and successfully update user if data is ok" time="0.226146026">
        </testcase>
        <testcase classname="tests/integration/user.test.ts" name="User routes &gt; PATCH /v1/user/:userId &gt; should return 401 error if access token is missing" time="0.071708248">
        </testcase>
        <testcase classname="tests/integration/user.test.ts" name="User routes &gt; PATCH /v1/user/:userId &gt; should return 403 if user is updating another user" time="0.1437433">
        </testcase>
        <testcase classname="tests/integration/user.test.ts" name="User routes &gt; PATCH /v1/user/:userId &gt; should return 200 and successfully update user if admin is updating another user" time="0.142682664">
        </testcase>
        <testcase classname="tests/integration/user.test.ts" name="User routes &gt; PATCH /v1/user/:userId &gt; should return 404 if admin is updating another user that is not found" time="0.076936792">
        </testcase>
        <testcase classname="tests/integration/user.test.ts" name="User routes &gt; PATCH /v1/user/:userId &gt; should return 400 error if userId is not a valid mongo id" time="0.076463196">
        </testcase>
        <testcase classname="tests/integration/user.test.ts" name="User routes &gt; PATCH /v1/user/:userId &gt; should return 400 if email is invalid" time="0.143832704">
        </testcase>
        <testcase classname="tests/integration/user.test.ts" name="User routes &gt; PATCH /v1/user/:userId &gt; should return 400 if email is already taken" time="0.214870269">
        </testcase>
        <testcase classname="tests/integration/user.test.ts" name="User routes &gt; PATCH /v1/user/:userId &gt; should not return 400 if email is my email" time="0.148046723">
        </testcase>
        <testcase classname="tests/integration/user.test.ts" name="User routes &gt; PATCH /v1/user/:userId &gt; should return 400 if password length is less than 8 characters" time="0.145566867">
        </testcase>
        <testcase classname="tests/integration/user.test.ts" name="User routes &gt; PATCH /v1/user/:userId &gt; should return 400 if password does not contain both letters and numbers" time="0.146662732">
        </testcase>
    </testsuite>
</testsuites>
